[<postion object : 0, 4>	int	 'int' ]
[<postion object : 0, 7>	id	 'get' ]
[<postion object : 0, 8>	(	 '(' ]
[<postion object : 0, 12>	int	 'int' ]
[<postion object : 0, 13>	id	 'a' ]
[<postion object : 0, 14>	)	 ')' ]
[<postion object : 0, 15>	{	 '{' ]
[<postion object : 1, 6>	id	 'a' ]
[<postion object : 1, 8>	+=	 '+=' ]
[<postion object : 1, 10>	NUM	 '1' ]
[<postion object : 1, 11>	;	 ';' ]
[<postion object : 2, 1>	}	 '}' ]
[<postion object : 3, 4>	int	 'int' ]
[<postion object : 3, 7>	id	 'put' ]
[<postion object : 3, 8>	(	 '(' ]
[<postion object : 3, 12>	int	 'int' ]
[<postion object : 3, 13>	id	 'd' ]
[<postion object : 3, 14>	)	 ')' ]
[<postion object : 3, 15>	{	 '{' ]
[<postion object : 4, 6>	id	 'd' ]
[<postion object : 4, 8>	+=	 '+=' ]
[<postion object : 4, 10>	NUM	 '1' ]
[<postion object : 4, 11>	;	 ';' ]
[<postion object : 5, 1>	}	 '}' ]
[<postion object : 6, 4>	int	 'int' ]
[<postion object : 6, 8>	id	 'num1' ]
[<postion object : 6, 9>	,	 ',' ]
[<postion object : 6, 13>	id	 'num2' ]
[<postion object : 6, 14>	,	 ',' ]
[<postion object : 6, 18>	id	 'num3' ]
[<postion object : 6, 19>	,	 ',' ]
[<postion object : 6, 22>	id	 'out' ]
[<postion object : 6, 23>	,	 ',' ]
[<postion object : 6, 25>	id	 'op' ]
[<postion object : 6, 26>	;	 ';' ]
[<postion object : 7, 5>	id	 'num1' ]
[<postion object : 7, 6>	=	 '=' ]
[<postion object : 7, 11>	NUM	 '3333' ]
[<postion object : 7, 12>	;	 ';' ]
[<postion object : 8, 5>	id	 'num2' ]
[<postion object : 8, 6>	=	 '=' ]
[<postion object : 8, 11>	NUM	 '6666' ]
[<postion object : 8, 12>	;	 ';' ]
[<postion object : 9, 5>	id	 'num3' ]
[<postion object : 9, 6>	=	 '=' ]
[<postion object : 9, 11>	NUM	 '9999' ]
[<postion object : 9, 12>	;	 ';' ]
[<postion object : 10, 3>	id	 'op' ]
[<postion object : 10, 4>	=	 '=' ]
[<postion object : 10, 6>	NUM	 '1' ]
[<postion object : 10, 7>	;	 ';' ]
[<postion object : 11, 5>	while	 'while' ]
[<postion object : 11, 6>	(	 '(' ]
[<postion object : 11, 8>	id	 'op' ]
[<postion object : 11, 9>	>	 '>' ]
[<postion object : 11, 10>	NUM	 '0' ]
[<postion object : 11, 11>	)	 ')' ]
[<postion object : 12, 1>	{	 '{' ]
[<postion object : 13, 6>	if	 'if' ]
[<postion object : 13, 7>	(	 '(' ]
[<postion object : 13, 9>	id	 'op' ]
[<postion object : 13, 11>	==	 '==' ]
[<postion object : 13, 12>	NUM	 '1' ]
[<postion object : 13, 13>	)	 ')' ]
[<postion object : 14, 5>	{	 '{' ]
[<postion object : 15, 13>	id	 'out' ]
[<postion object : 15, 14>	=	 '=' ]
[<postion object : 15, 19>	id	 'num1' ]
[<postion object : 15, 20>	;	 ';' ]
[<postion object : 16, 5>	}	 '}' ]
[<postion object : 17, 6>	if	 'if' ]
[<postion object : 17, 7>	(	 '(' ]
[<postion object : 17, 9>	id	 'op' ]
[<postion object : 17, 11>	==	 '==' ]
[<postion object : 17, 12>	NUM	 '2' ]
[<postion object : 17, 13>	)	 ')' ]
[<postion object : 18, 5>	{	 '{' ]
[<postion object : 19, 13>	id	 'out' ]
[<postion object : 19, 14>	=	 '=' ]
[<postion object : 19, 19>	id	 'num2' ]
[<postion object : 19, 20>	;	 ';' ]
[<postion object : 20, 5>	}	 '}' ]
[<postion object : 21, 6>	if	 'if' ]
[<postion object : 21, 7>	(	 '(' ]
[<postion object : 21, 9>	id	 'op' ]
[<postion object : 21, 11>	==	 '==' ]
[<postion object : 21, 12>	NUM	 '2' ]
[<postion object : 21, 13>	)	 ')' ]
[<postion object : 22, 5>	{	 '{' ]
[<postion object : 23, 13>	id	 'out' ]
[<postion object : 23, 14>	=	 '=' ]
[<postion object : 23, 19>	id	 'num3' ]
[<postion object : 23, 20>	;	 ';' ]
[<postion object : 24, 5>	}	 '}' ]
[<postion object : 25, 7>	id	 'put' ]
[<postion object : 25, 8>	(	 '(' ]
[<postion object : 25, 11>	id	 'out' ]
[<postion object : 25, 12>	)	 ')' ]
[<postion object : 25, 13>	;	 ';' ]
[<postion object : 26, 7>	id	 'get' ]
[<postion object : 26, 8>	(	 '(' ]
[<postion object : 26, 10>	id	 'op' ]
[<postion object : 26, 11>	)	 ')' ]
[<postion object : 26, 12>	;	 ';' ]
[<postion object : 27, 1>	}	 '}' ]
[<postion object : 27, 3>	wrong	 '' ]
